<?xml version="1.0" encoding="UTF-8"?>
<!-- Generated by org.testng.reporters.JUnitReportReporter -->
<testsuite hostname="Alexs-MacBook-Pro.local" failures="0" tests="1" name="com.selion.framework.testsWeb.DataGeneration_PayPal_Transactions" time="52.588" errors="0" timestamp="3 Feb 2018 04:00:09 GMT">
  <testcase classname="com.selion.framework.testsWeb.DataGeneration_PayPal_Transactions" name="generateTestData_PayPal_Transactions_GuestCheckout" time="52.588"/>
</testsuite> <!-- com.selion.framework.testsWeb.DataGeneration_PayPal_Transactions -->
